[main] WARN  com.hdfc.easypay.UPI  - parameter value must be a integers
[main] INFO  com.hdfc.easypay.UPI  - add method started
[main] DEBUG com.hdfc.easypay.UPI  - roi is very imported
[main] INFO  com.hdfc.easypay.UPI  - is enable method is called
[main] WARN  com.hdfc.easypay.UPI  - parameter value must be a integers
[main] INFO  com.hdfc.easypay.UPI  - divison method started
[main] ERROR com.hdfc.easypay.UPI  - no2 must not be zero
[main] WARN  com.hdfc.easypay.UPI  - parameter value must be a integers
[main] INFO  com.hdfc.easypay.UPI  - add method started
[main] DEBUG com.hdfc.easypay.UPI  - roi is very imported
[main] INFO  com.hdfc.easypay.UPI  - is enable method is called
[main] WARN  com.hdfc.easypay.UPI  - parameter value must be a integers
[main] INFO  com.hdfc.easypay.UPI  - divison method started
[main] ERROR com.hdfc.easypay.UPI  - no2 must not be zero
[main] WARN  com.hdfc.easypay.UPI  - parameter value must be a integers
[main] INFO  com.hdfc.easypay.UPI  - add method started
[main] DEBUG com.hdfc.easypay.UPI  - roi is very imported
[main] INFO  com.hdfc.easypay.UPI  - is enable method is called
[main] WARN  com.hdfc.easypay.UPI  - parameter value must be a integers
[main] INFO  com.hdfc.easypay.UPI  - divison method started
[main] ERROR com.hdfc.easypay.UPI  - no2 must not be zero
[main] WARN  com.hdfc.easypay.UPI  - parameter value must be a integers
[main] INFO  com.hdfc.easypay.UPI  - add method started
[main] DEBUG com.hdfc.easypay.UPI  - roi is very imported
[main] INFO  com.hdfc.easypay.UPI  - is enable method is called
[main] WARN  com.hdfc.easypay.UPI  - parameter value must be a integers
[main] INFO  com.hdfc.easypay.UPI  - divison method started
[main] ERROR com.hdfc.easypay.UPI  - no2 must not be zero
[main] WARN  com.hdfc.easypay.UPI  - parameter value must be a integers
[main] INFO  com.hdfc.easypay.UPI  - add method started
[main] DEBUG com.hdfc.easypay.UPI  - roi is very imported
[main] INFO  com.hdfc.easypay.UPI  - is enable method is called
[main] WARN  com.hdfc.easypay.UPI  - parameter value must be a integers
[main] INFO  com.hdfc.easypay.UPI  - divison method started
[main] ERROR com.hdfc.easypay.UPI  - no2 must not be zero
[main] WARN  com.hdfc.easypay.UPI  - parameter value must be a integers
[main] INFO  com.hdfc.easypay.UPI  - add method started
[main] DEBUG com.hdfc.easypay.UPI  - roi is very imported
[main] INFO  com.hdfc.easypay.UPI  - is enable method is called
[main] WARN  com.hdfc.easypay.UPI  - parameter value must be a integers
[main] INFO  com.hdfc.easypay.UPI  - divison method started
[main] ERROR com.hdfc.easypay.UPI  - no2 must not be zero
